TN:
SF:src/ERC4626UpgradeableSafe.sol
FN:20,ERC4626UpgradeableSafe.__ERC4626UpgradeableSafe_init
FNDA:0,ERC4626UpgradeableSafe.__ERC4626UpgradeableSafe_init
DA:24,0
DA:25,0
FN:28,ERC4626UpgradeableSafe.__ERC4626UpgradeableSafe_init_unchained
FNDA:0,ERC4626UpgradeableSafe.__ERC4626UpgradeableSafe_init_unchained
DA:36,0
BRDA:36,0,0,-
BRDA:36,0,1,-
FNF:2
FNH:0
LF:3
LH:0
BRF:2
BRH:0
end_of_record
TN:
SF:src/compound/SupplyVault.sol
FN:67,SupplyVault.initialize
FNDA:1,SupplyVault.initialize
DA:73,0
FN:81,SupplyVault.claimRewards
FNDA:21,SupplyVault.claimRewards
DA:82,21
DA:83,21
BRDA:83,0,0,16
BRDA:83,0,1,21
DA:85,16
DA:87,16
DA:89,16
FN:94,SupplyVault._beforeTokenTransfer
FNDA:69,SupplyVault._beforeTokenTransfer
DA:99,69
DA:100,69
DA:101,69
DA:103,69
FN:106,SupplyVault._claimVaultRewards
FNDA:90,SupplyVault._claimVaultRewards
DA:107,90
DA:109,90
DA:110,90
BRDA:110,1,0,-
BRDA:110,1,1,56
DA:111,56
DA:112,56
DA:114,56
DA:115,56
FN:119,SupplyVault._accrueUnclaimedRewards
FNDA:21,SupplyVault._accrueUnclaimedRewards
DA:120,21
FN:123,SupplyVault._accrueUnclaimedRewardsFromRewardsIndex
FNDA:159,SupplyVault._accrueUnclaimedRewardsFromRewardsIndex
DA:127,159
BRDA:127,2,0,95
BRDA:127,2,1,159
DA:129,95
DA:130,95
DA:134,95
DA:137,95
DA:138,95
BRDA:138,3,0,45
BRDA:138,3,1,95
DA:139,45
DA:140,45
DA:141,45
DA:143,45
FNF:6
FNH:6
LF:28
LH:27
BRF:8
BRH:7
end_of_record
TN:
SF:src/compound/SupplyVaultBase.sol
FN:82,SupplyVaultBase.__SupplyVaultBase_init
FNDA:0,SupplyVaultBase.__SupplyVaultBase_init
DA:88,0
DA:90,0
DA:91,0
DA:92,0
DA:93,0
FN:98,SupplyVaultBase.__SupplyVaultBase_init_unchained
FNDA:0,SupplyVaultBase.__SupplyVaultBase_init_unchained
DA:103,0
BRDA:103,0,0,-
BRDA:103,0,1,-
DA:105,0
DA:107,0
DA:109,0
DA:110,0
FN:116,SupplyVaultBase.transferRewards
FNDA:256,SupplyVaultBase.transferRewards
DA:117,256
DA:118,256
DA:119,256
FN:125,SupplyVaultBase.totalAssets
FNDA:0,SupplyVaultBase.totalAssets
DA:132,89
DA:133,89
FN:139,SupplyVaultBase.deposit
FNDA:38,SupplyVaultBase.deposit
DA:146,38
DA:147,38
FN:153,SupplyVaultBase.mint
FNDA:4,SupplyVaultBase.mint
DA:160,4
DA:161,4
FN:168,SupplyVaultBase.withdraw
FNDA:7,SupplyVaultBase.withdraw
DA:174,7
DA:175,7
FN:182,SupplyVaultBase.redeem
FNDA:19,SupplyVaultBase.redeem
DA:188,19
DA:189,19
FN:194,SupplyVaultBase._deposit
FNDA:42,SupplyVaultBase._deposit
DA:200,42
DA:201,42
FN:204,SupplyVaultBase._withdraw
FNDA:22,SupplyVaultBase._withdraw
DA:211,22
DA:212,22
FNF:10
FNH:7
LF:27
LH:17
BRF:2
BRH:0
end_of_record
TN:
SF:test/compound/helpers/VaultUser.sol
FN:12,VaultUser.depositVault
FNDA:54,VaultUser.depositVault
DA:16,54
DA:17,54
FN:20,VaultUser.depositVault
FNDA:1,VaultUser.depositVault
DA:25,1
DA:26,1
FN:29,VaultUser.mintVault
FNDA:4,VaultUser.mintVault
DA:33,4
DA:37,4
FN:40,VaultUser.mintVault
FNDA:1,VaultUser.mintVault
DA:45,1
DA:49,1
FN:52,VaultUser.withdrawVault
FNDA:0,VaultUser.withdrawVault
DA:57,8
FN:60,VaultUser.withdrawVault
FNDA:1,VaultUser.withdrawVault
DA:66,1
FN:69,VaultUser.withdrawVault
FNDA:8,VaultUser.withdrawVault
DA:73,8
FN:76,VaultUser.redeemVault
FNDA:1,VaultUser.redeemVault
DA:82,1
FN:85,VaultUser.redeemVault
FNDA:4,VaultUser.redeemVault
DA:90,33
FN:93,VaultUser.redeemVault
FNDA:29,VaultUser.redeemVault
DA:97,29
FNF:10
FNH:9
LF:14
LH:14
BRF:0
BRH:0
end_of_record
TN:
SF:test/compound/setup/TestSetupVaults.sol
FN:44,TestSetupVaults.onSetUp
FNDA:0,TestSetupVaults.onSetUp
DA:45,0
DA:46,0
DA:47,0
DA:49,0
DA:50,0
FN:53,TestSetupVaults.initVaultContracts
FNDA:0,TestSetupVaults.initVaultContracts
DA:54,0
DA:61,0
DA:78,0
DA:83,0
DA:84,0
DA:85,0
DA:87,0
DA:92,0
DA:93,0
DA:95,0
DA:100,0
DA:101,0
FN:104,TestSetupVaults.initVaultUsers
FNDA:0,TestSetupVaults.initVaultUsers
DA:105,0
DA:106,0
DA:107,0
DA:108,0
DA:110,0
DA:116,0
DA:117,0
DA:118,0
DA:120,0
DA:121,0
DA:122,0
FN:125,TestSetupVaults.setVaultContractsLabels
FNDA:0,TestSetupVaults.setVaultContractsLabels
DA:126,0
DA:127,0
DA:128,0
FNF:4
FNH:0
LF:31
LH:0
BRF:0
BRH:0
end_of_record
TN:
SF:test/compound/setup/TestSetupVaultsLive.sol
FN:50,TestSetupVaultsLive.onSetUp
FNDA:0,TestSetupVaultsLive.onSetUp
DA:52,0
DA:53,0
DA:54,0
DA:55,0
DA:56,0
DA:57,0
FN:60,TestSetupVaultsLive.initVaultContracts
FNDA:0,TestSetupVaultsLive.initVaultContracts
DA:61,0
DA:62,0
DA:63,0
DA:65,0
DA:67,0
DA:69,0
DA:70,0
DA:71,0
DA:73,0
DA:74,0
DA:75,0
FN:78,TestSetupVaultsLive.initVaultUsers
FNDA:0,TestSetupVaultsLive.initVaultUsers
DA:79,0
DA:80,0
DA:81,0
DA:82,0
DA:84,0
DA:90,0
DA:91,0
DA:92,0
DA:94,0
DA:95,0
DA:96,0
FN:99,TestSetupVaultsLive.setVaultContractsLabels
FNDA:0,TestSetupVaultsLive.setVaultContractsLabels
DA:100,0
DA:101,0
DA:102,0
DA:103,0
FNF:4
FNH:0
LF:32
LH:0
BRF:0
BRH:0
end_of_record
